{"/home/belhassen/food-delivery/Food-Delivery/backend/controllers/cartController.js": {"path":"/home/belhassen/food-delivery/Food-Delivery/backend/controllers/cartController.js","statementMap":{"0":{"start":{"line":4,"column":18},"end":{"line":19,"column":1}},"1":{"start":{"line":5,"column":2},"end":{"line":18,"column":3}},"2":{"start":{"line":6,"column":19},"end":{"line":6,"column":60}},"3":{"start":{"line":7,"column":19},"end":{"line":7,"column":42}},"4":{"start":{"line":8,"column":4},"end":{"line":12,"column":5}},"5":{"start":{"line":9,"column":6},"end":{"line":9,"column":36}},"6":{"start":{"line":11,"column":6},"end":{"line":11,"column":37}},"7":{"start":{"line":13,"column":4},"end":{"line":13,"column":69}},"8":{"start":{"line":14,"column":4},"end":{"line":14,"column":58}},"9":{"start":{"line":16,"column":4},"end":{"line":16,"column":23}},"10":{"start":{"line":17,"column":4},"end":{"line":17,"column":51}},"11":{"start":{"line":22,"column":23},"end":{"line":37,"column":1}},"12":{"start":{"line":23,"column":2},"end":{"line":36,"column":3}},"13":{"start":{"line":24,"column":19},"end":{"line":24,"column":60}},"14":{"start":{"line":25,"column":19},"end":{"line":25,"column":42}},"15":{"start":{"line":26,"column":4},"end":{"line":30,"column":5}},"16":{"start":{"line":27,"column":6},"end":{"line":27,"column":37}},"17":{"start":{"line":29,"column":6},"end":{"line":29,"column":39}},"18":{"start":{"line":31,"column":4},"end":{"line":31,"column":69}},"19":{"start":{"line":32,"column":4},"end":{"line":32,"column":62}},"20":{"start":{"line":34,"column":4},"end":{"line":34,"column":23}},"21":{"start":{"line":35,"column":4},"end":{"line":35,"column":51}},"22":{"start":{"line":40,"column":16},"end":{"line":49,"column":1}},"23":{"start":{"line":41,"column":2},"end":{"line":48,"column":3}},"24":{"start":{"line":42,"column":19},"end":{"line":42,"column":60}},"25":{"start":{"line":43,"column":19},"end":{"line":43,"column":42}},"26":{"start":{"line":44,"column":4},"end":{"line":44,"column":52}},"27":{"start":{"line":46,"column":4},"end":{"line":46,"column":23}},"28":{"start":{"line":47,"column":4},"end":{"line":47,"column":51}}},"fnMap":{"0":{"name":"(anonymous_0)","decl":{"start":{"line":4,"column":18},"end":{"line":4,"column":19}},"loc":{"start":{"line":4,"column":38},"end":{"line":19,"column":1}},"line":4},"1":{"name":"(anonymous_1)","decl":{"start":{"line":22,"column":23},"end":{"line":22,"column":24}},"loc":{"start":{"line":22,"column":43},"end":{"line":37,"column":1}},"line":22},"2":{"name":"(anonymous_2)","decl":{"start":{"line":40,"column":16},"end":{"line":40,"column":17}},"loc":{"start":{"line":40,"column":36},"end":{"line":49,"column":1}},"line":40}},"branchMap":{"0":{"loc":{"start":{"line":8,"column":4},"end":{"line":12,"column":5}},"type":"if","locations":[{"start":{"line":8,"column":4},"end":{"line":12,"column":5}},{"start":{"line":10,"column":11},"end":{"line":12,"column":5}}],"line":8},"1":{"loc":{"start":{"line":26,"column":4},"end":{"line":30,"column":5}},"type":"if","locations":[{"start":{"line":26,"column":4},"end":{"line":30,"column":5}},{"start":{"line":28,"column":11},"end":{"line":30,"column":5}}],"line":26}},"s":{"0":2,"1":3,"2":3,"3":2,"4":2,"5":1,"6":1,"7":2,"8":2,"9":1,"10":1,"11":2,"12":3,"13":3,"14":2,"15":2,"16":1,"17":1,"18":2,"19":2,"20":1,"21":1,"22":2,"23":2,"24":2,"25":1,"26":1,"27":1,"28":1},"f":{"0":3,"1":3,"2":2},"b":{"0":[1,1],"1":[1,1]},"_coverageSchema":"1a1c01bbd47fc00a2c39e90264f33305004495a9","hash":"05af09aeebaf6e4077412ec4ef62129aa79cdedb"}
,"/home/belhassen/food-delivery/Food-Delivery/backend/controllers/foodController.js": {"path":"/home/belhassen/food-delivery/Food-Delivery/backend/controllers/foodController.js","statementMap":{"0":{"start":{"line":7,"column":16},"end":{"line":28,"column":1}},"1":{"start":{"line":8,"column":23},"end":{"line":8,"column":45}},"2":{"start":{"line":9,"column":15},"end":{"line":15,"column":4}},"3":{"start":{"line":16,"column":2},"end":{"line":27,"column":3}},"4":{"start":{"line":17,"column":19},"end":{"line":17,"column":60}},"5":{"start":{"line":18,"column":4},"end":{"line":23,"column":5}},"6":{"start":{"line":19,"column":6},"end":{"line":19,"column":24}},"7":{"start":{"line":20,"column":6},"end":{"line":20,"column":57}},"8":{"start":{"line":22,"column":6},"end":{"line":22,"column":65}},"9":{"start":{"line":25,"column":4},"end":{"line":25,"column":23}},"10":{"start":{"line":26,"column":4},"end":{"line":26,"column":51}},"11":{"start":{"line":31,"column":17},"end":{"line":39,"column":1}},"12":{"start":{"line":32,"column":2},"end":{"line":38,"column":3}},"13":{"start":{"line":33,"column":18},"end":{"line":33,"column":42}},"14":{"start":{"line":34,"column":4},"end":{"line":34,"column":45}},"15":{"start":{"line":36,"column":4},"end":{"line":36,"column":23}},"16":{"start":{"line":37,"column":4},"end":{"line":37,"column":51}},"17":{"start":{"line":42,"column":19},"end":{"line":57,"column":1}},"18":{"start":{"line":43,"column":2},"end":{"line":56,"column":3}},"19":{"start":{"line":44,"column":19},"end":{"line":44,"column":60}},"20":{"start":{"line":45,"column":4},"end":{"line":52,"column":5}},"21":{"start":{"line":46,"column":19},"end":{"line":46,"column":56}},"22":{"start":{"line":47,"column":6},"end":{"line":47,"column":51}},"23":{"start":{"line":48,"column":6},"end":{"line":48,"column":53}},"24":{"start":{"line":49,"column":6},"end":{"line":49,"column":59}},"25":{"start":{"line":51,"column":6},"end":{"line":51,"column":65}},"26":{"start":{"line":54,"column":4},"end":{"line":54,"column":23}},"27":{"start":{"line":55,"column":4},"end":{"line":55,"column":51}}},"fnMap":{"0":{"name":"(anonymous_0)","decl":{"start":{"line":7,"column":16},"end":{"line":7,"column":17}},"loc":{"start":{"line":7,"column":36},"end":{"line":28,"column":1}},"line":7},"1":{"name":"(anonymous_1)","decl":{"start":{"line":31,"column":17},"end":{"line":31,"column":18}},"loc":{"start":{"line":31,"column":37},"end":{"line":39,"column":1}},"line":31},"2":{"name":"(anonymous_2)","decl":{"start":{"line":42,"column":19},"end":{"line":42,"column":20}},"loc":{"start":{"line":42,"column":39},"end":{"line":57,"column":1}},"line":42},"3":{"name":"(anonymous_3)","decl":{"start":{"line":47,"column":41},"end":{"line":47,"column":42}},"loc":{"start":{"line":47,"column":47},"end":{"line":47,"column":49}},"line":47}},"branchMap":{"0":{"loc":{"start":{"line":18,"column":4},"end":{"line":23,"column":5}},"type":"if","locations":[{"start":{"line":18,"column":4},"end":{"line":23,"column":5}},{"start":{"line":21,"column":11},"end":{"line":23,"column":5}}],"line":18},"1":{"loc":{"start":{"line":18,"column":8},"end":{"line":18,"column":45}},"type":"binary-expr","locations":[{"start":{"line":18,"column":8},"end":{"line":18,"column":16}},{"start":{"line":18,"column":20},"end":{"line":18,"column":45}}],"line":18},"2":{"loc":{"start":{"line":45,"column":4},"end":{"line":52,"column":5}},"type":"if","locations":[{"start":{"line":45,"column":4},"end":{"line":52,"column":5}},{"start":{"line":50,"column":11},"end":{"line":52,"column":5}}],"line":45},"3":{"loc":{"start":{"line":45,"column":8},"end":{"line":45,"column":45}},"type":"binary-expr","locations":[{"start":{"line":45,"column":8},"end":{"line":45,"column":16}},{"start":{"line":45,"column":20},"end":{"line":45,"column":45}}],"line":45}},"s":{"0":2,"1":3,"2":3,"3":3,"4":3,"5":2,"6":1,"7":1,"8":1,"9":1,"10":1,"11":2,"12":2,"13":2,"14":1,"15":1,"16":1,"17":2,"18":3,"19":3,"20":2,"21":1,"22":1,"23":1,"24":1,"25":1,"26":1,"27":1},"f":{"0":3,"1":2,"2":3,"3":1},"b":{"0":[1,1],"1":[2,2],"2":[1,1],"3":[2,2]},"_coverageSchema":"1a1c01bbd47fc00a2c39e90264f33305004495a9","hash":"ae8fec917df3bdbbdfd4bfd92be64de24fb1a0e5"}
,"/home/belhassen/food-delivery/Food-Delivery/backend/controllers/orderController.js": {"path":"/home/belhassen/food-delivery/Food-Delivery/backend/controllers/orderController.js","statementMap":{"0":{"start":{"line":5,"column":15},"end":{"line":5,"column":56}},"1":{"start":{"line":8,"column":19},"end":{"line":54,"column":1}},"2":{"start":{"line":9,"column":23},"end":{"line":9,"column":73}},"3":{"start":{"line":10,"column":2},"end":{"line":53,"column":3}},"4":{"start":{"line":11,"column":21},"end":{"line":16,"column":6}},"5":{"start":{"line":17,"column":4},"end":{"line":17,"column":26}},"6":{"start":{"line":18,"column":4},"end":{"line":18,"column":73}},"7":{"start":{"line":20,"column":23},"end":{"line":29,"column":7}},"8":{"start":{"line":20,"column":53},"end":{"line":29,"column":5}},"9":{"start":{"line":31,"column":4},"end":{"line":40,"column":7}},"10":{"start":{"line":42,"column":20},"end":{"line":47,"column":6}},"11":{"start":{"line":49,"column":4},"end":{"line":49,"column":58}},"12":{"start":{"line":51,"column":4},"end":{"line":51,"column":23}},"13":{"start":{"line":52,"column":4},"end":{"line":52,"column":51}},"14":{"start":{"line":56,"column":20},"end":{"line":70,"column":1}},"15":{"start":{"line":57,"column":31},"end":{"line":57,"column":39}},"16":{"start":{"line":58,"column":2},"end":{"line":69,"column":3}},"17":{"start":{"line":59,"column":4},"end":{"line":65,"column":5}},"18":{"start":{"line":60,"column":6},"end":{"line":60,"column":69}},"19":{"start":{"line":61,"column":6},"end":{"line":61,"column":51}},"20":{"start":{"line":63,"column":6},"end":{"line":63,"column":50}},"21":{"start":{"line":64,"column":6},"end":{"line":64,"column":56}},"22":{"start":{"line":67,"column":4},"end":{"line":67,"column":23}},"23":{"start":{"line":68,"column":4},"end":{"line":68,"column":51}},"24":{"start":{"line":73,"column":19},"end":{"line":81,"column":1}},"25":{"start":{"line":74,"column":2},"end":{"line":80,"column":3}},"26":{"start":{"line":75,"column":19},"end":{"line":75,"column":69}},"27":{"start":{"line":76,"column":4},"end":{"line":76,"column":46}},"28":{"start":{"line":78,"column":4},"end":{"line":78,"column":23}},"29":{"start":{"line":79,"column":4},"end":{"line":79,"column":51}},"30":{"start":{"line":84,"column":19},"end":{"line":97,"column":1}},"31":{"start":{"line":85,"column":2},"end":{"line":96,"column":3}},"32":{"start":{"line":86,"column":19},"end":{"line":86,"column":60}},"33":{"start":{"line":87,"column":4},"end":{"line":92,"column":5}},"34":{"start":{"line":88,"column":21},"end":{"line":88,"column":46}},"35":{"start":{"line":89,"column":6},"end":{"line":89,"column":48}},"36":{"start":{"line":91,"column":6},"end":{"line":91,"column":65}},"37":{"start":{"line":94,"column":4},"end":{"line":94,"column":23}},"38":{"start":{"line":95,"column":4},"end":{"line":95,"column":51}},"39":{"start":{"line":100,"column":21},"end":{"line":115,"column":1}},"40":{"start":{"line":101,"column":2},"end":{"line":114,"column":3}},"41":{"start":{"line":102,"column":19},"end":{"line":102,"column":60}},"42":{"start":{"line":103,"column":4},"end":{"line":110,"column":5}},"43":{"start":{"line":104,"column":6},"end":{"line":106,"column":9}},"44":{"start":{"line":107,"column":6},"end":{"line":107,"column":74}},"45":{"start":{"line":109,"column":6},"end":{"line":109,"column":68}},"46":{"start":{"line":112,"column":4},"end":{"line":112,"column":23}},"47":{"start":{"line":113,"column":4},"end":{"line":113,"column":51}}},"fnMap":{"0":{"name":"(anonymous_0)","decl":{"start":{"line":8,"column":19},"end":{"line":8,"column":20}},"loc":{"start":{"line":8,"column":39},"end":{"line":54,"column":1}},"line":8},"1":{"name":"(anonymous_1)","decl":{"start":{"line":20,"column":42},"end":{"line":20,"column":43}},"loc":{"start":{"line":20,"column":53},"end":{"line":29,"column":5}},"line":20},"2":{"name":"(anonymous_2)","decl":{"start":{"line":56,"column":20},"end":{"line":56,"column":21}},"loc":{"start":{"line":56,"column":40},"end":{"line":70,"column":1}},"line":56},"3":{"name":"(anonymous_3)","decl":{"start":{"line":73,"column":19},"end":{"line":73,"column":20}},"loc":{"start":{"line":73,"column":39},"end":{"line":81,"column":1}},"line":73},"4":{"name":"(anonymous_4)","decl":{"start":{"line":84,"column":19},"end":{"line":84,"column":20}},"loc":{"start":{"line":84,"column":39},"end":{"line":97,"column":1}},"line":84},"5":{"name":"(anonymous_5)","decl":{"start":{"line":100,"column":21},"end":{"line":100,"column":22}},"loc":{"start":{"line":100,"column":41},"end":{"line":115,"column":1}},"line":100}},"branchMap":{"0":{"loc":{"start":{"line":59,"column":4},"end":{"line":65,"column":5}},"type":"if","locations":[{"start":{"line":59,"column":4},"end":{"line":65,"column":5}},{"start":{"line":62,"column":11},"end":{"line":65,"column":5}}],"line":59},"1":{"loc":{"start":{"line":87,"column":4},"end":{"line":92,"column":5}},"type":"if","locations":[{"start":{"line":87,"column":4},"end":{"line":92,"column":5}},{"start":{"line":90,"column":11},"end":{"line":92,"column":5}}],"line":87},"2":{"loc":{"start":{"line":87,"column":8},"end":{"line":87,"column":45}},"type":"binary-expr","locations":[{"start":{"line":87,"column":8},"end":{"line":87,"column":16}},{"start":{"line":87,"column":20},"end":{"line":87,"column":45}}],"line":87},"3":{"loc":{"start":{"line":103,"column":4},"end":{"line":110,"column":5}},"type":"if","locations":[{"start":{"line":103,"column":4},"end":{"line":110,"column":5}},{"start":{"line":108,"column":9},"end":{"line":110,"column":5}}],"line":103},"4":{"loc":{"start":{"line":103,"column":8},"end":{"line":103,"column":45}},"type":"binary-expr","locations":[{"start":{"line":103,"column":8},"end":{"line":103,"column":16}},{"start":{"line":103,"column":20},"end":{"line":103,"column":45}}],"line":103}},"s":{"0":2,"1":2,"2":2,"3":2,"4":2,"5":1,"6":1,"7":1,"8":1,"9":1,"10":1,"11":1,"12":2,"13":2,"14":2,"15":3,"16":3,"17":3,"18":2,"19":1,"20":1,"21":1,"22":1,"23":1,"24":2,"25":2,"26":2,"27":1,"28":1,"29":1,"30":2,"31":3,"32":3,"33":2,"34":1,"35":1,"36":1,"37":1,"38":1,"39":2,"40":3,"41":3,"42":2,"43":1,"44":1,"45":1,"46":1,"47":1},"f":{"0":2,"1":1,"2":3,"3":2,"4":3,"5":3},"b":{"0":[2,1],"1":[1,1],"2":[2,2],"3":[1,1],"4":[2,2]},"_coverageSchema":"1a1c01bbd47fc00a2c39e90264f33305004495a9","hash":"413a8a2bc97735ffc4439dfee808a32dc85d45a9"}
,"/home/belhassen/food-delivery/Food-Delivery/backend/controllers/userController.js": {"path":"/home/belhassen/food-delivery/Food-Delivery/backend/controllers/userController.js","statementMap":{"0":{"start":{"line":8,"column":18},"end":{"line":26,"column":1}},"1":{"start":{"line":9,"column":30},"end":{"line":9,"column":38}},"2":{"start":{"line":10,"column":2},"end":{"line":25,"column":3}},"3":{"start":{"line":11,"column":17},"end":{"line":11,"column":51}},"4":{"start":{"line":12,"column":4},"end":{"line":14,"column":5}},"5":{"start":{"line":13,"column":6},"end":{"line":13,"column":73}},"6":{"start":{"line":15,"column":19},"end":{"line":15,"column":64}},"7":{"start":{"line":16,"column":4},"end":{"line":18,"column":5}},"8":{"start":{"line":17,"column":6},"end":{"line":17,"column":74}},"9":{"start":{"line":19,"column":15},"end":{"line":19,"column":24}},"10":{"start":{"line":20,"column":18},"end":{"line":20,"column":39}},"11":{"start":{"line":21,"column":4},"end":{"line":21,"column":44}},"12":{"start":{"line":23,"column":4},"end":{"line":23,"column":23}},"13":{"start":{"line":24,"column":4},"end":{"line":24,"column":51}},"14":{"start":{"line":30,"column":20},"end":{"line":32,"column":1}},"15":{"start":{"line":31,"column":2},"end":{"line":31,"column":50}},"16":{"start":{"line":36,"column":21},"end":{"line":75,"column":1}},"17":{"start":{"line":37,"column":36},"end":{"line":37,"column":44}},"18":{"start":{"line":38,"column":2},"end":{"line":74,"column":3}},"19":{"start":{"line":40,"column":19},"end":{"line":40,"column":53}},"20":{"start":{"line":41,"column":4},"end":{"line":43,"column":5}},"21":{"start":{"line":42,"column":6},"end":{"line":42,"column":74}},"22":{"start":{"line":46,"column":4},"end":{"line":48,"column":5}},"23":{"start":{"line":47,"column":6},"end":{"line":47,"column":79}},"24":{"start":{"line":49,"column":4},"end":{"line":54,"column":5}},"25":{"start":{"line":50,"column":6},"end":{"line":53,"column":9}},"26":{"start":{"line":58,"column":17},"end":{"line":58,"column":63}},"27":{"start":{"line":59,"column":27},"end":{"line":59,"column":60}},"28":{"start":{"line":61,"column":20},"end":{"line":65,"column":6}},"29":{"start":{"line":67,"column":17},"end":{"line":67,"column":37}},"30":{"start":{"line":68,"column":15},"end":{"line":68,"column":24}},"31":{"start":{"line":69,"column":18},"end":{"line":69,"column":39}},"32":{"start":{"line":70,"column":4},"end":{"line":70,"column":44}},"33":{"start":{"line":72,"column":4},"end":{"line":72,"column":23}},"34":{"start":{"line":73,"column":4},"end":{"line":73,"column":51}}},"fnMap":{"0":{"name":"(anonymous_0)","decl":{"start":{"line":8,"column":18},"end":{"line":8,"column":19}},"loc":{"start":{"line":8,"column":38},"end":{"line":26,"column":1}},"line":8},"1":{"name":"(anonymous_1)","decl":{"start":{"line":30,"column":20},"end":{"line":30,"column":21}},"loc":{"start":{"line":30,"column":28},"end":{"line":32,"column":1}},"line":30},"2":{"name":"(anonymous_2)","decl":{"start":{"line":36,"column":21},"end":{"line":36,"column":22}},"loc":{"start":{"line":36,"column":41},"end":{"line":75,"column":1}},"line":36}},"branchMap":{"0":{"loc":{"start":{"line":12,"column":4},"end":{"line":14,"column":5}},"type":"if","locations":[{"start":{"line":12,"column":4},"end":{"line":14,"column":5}},{"start":{},"end":{}}],"line":12},"1":{"loc":{"start":{"line":16,"column":4},"end":{"line":18,"column":5}},"type":"if","locations":[{"start":{"line":16,"column":4},"end":{"line":18,"column":5}},{"start":{},"end":{}}],"line":16},"2":{"loc":{"start":{"line":41,"column":4},"end":{"line":43,"column":5}},"type":"if","locations":[{"start":{"line":41,"column":4},"end":{"line":43,"column":5}},{"start":{},"end":{}}],"line":41},"3":{"loc":{"start":{"line":46,"column":4},"end":{"line":48,"column":5}},"type":"if","locations":[{"start":{"line":46,"column":4},"end":{"line":48,"column":5}},{"start":{},"end":{}}],"line":46},"4":{"loc":{"start":{"line":49,"column":4},"end":{"line":54,"column":5}},"type":"if","locations":[{"start":{"line":49,"column":4},"end":{"line":54,"column":5}},{"start":{},"end":{}}],"line":49}},"s":{"0":2,"1":4,"2":4,"3":4,"4":3,"5":1,"6":2,"7":2,"8":1,"9":1,"10":1,"11":1,"12":1,"13":1,"14":2,"15":2,"16":2,"17":5,"18":5,"19":5,"20":4,"21":1,"22":3,"23":1,"24":2,"25":1,"26":1,"27":1,"28":1,"29":1,"30":1,"31":1,"32":1,"33":1,"34":1},"f":{"0":4,"1":2,"2":5},"b":{"0":[1,2],"1":[1,1],"2":[1,3],"3":[1,2],"4":[1,1]},"_coverageSchema":"1a1c01bbd47fc00a2c39e90264f33305004495a9","hash":"82a5e968db888e42a33ceb8e2f678c762dc7626c"}
,"/home/belhassen/food-delivery/Food-Delivery/backend/middleware/auth.js": {"path":"/home/belhassen/food-delivery/Food-Delivery/backend/middleware/auth.js","statementMap":{"0":{"start":{"line":3,"column":23},"end":{"line":16,"column":1}},"1":{"start":{"line":4,"column":20},"end":{"line":4,"column":31}},"2":{"start":{"line":5,"column":2},"end":{"line":7,"column":3}},"3":{"start":{"line":6,"column":4},"end":{"line":6,"column":79}},"4":{"start":{"line":8,"column":2},"end":{"line":15,"column":3}},"5":{"start":{"line":9,"column":25},"end":{"line":9,"column":66}},"6":{"start":{"line":10,"column":4},"end":{"line":10,"column":38}},"7":{"start":{"line":11,"column":4},"end":{"line":11,"column":11}},"8":{"start":{"line":13,"column":4},"end":{"line":13,"column":23}},"9":{"start":{"line":14,"column":4},"end":{"line":14,"column":46}}},"fnMap":{"0":{"name":"(anonymous_0)","decl":{"start":{"line":3,"column":23},"end":{"line":3,"column":24}},"loc":{"start":{"line":3,"column":49},"end":{"line":16,"column":1}},"line":3}},"branchMap":{"0":{"loc":{"start":{"line":5,"column":2},"end":{"line":7,"column":3}},"type":"if","locations":[{"start":{"line":5,"column":2},"end":{"line":7,"column":3}},{"start":{},"end":{}}],"line":5}},"s":{"0":2,"1":3,"2":3,"3":1,"4":2,"5":2,"6":1,"7":1,"8":1,"9":1},"f":{"0":3},"b":{"0":[1,2]},"_coverageSchema":"1a1c01bbd47fc00a2c39e90264f33305004495a9","hash":"180fc97300f1bc4a3f458e814f7cf133b3e1bff6"}
,"/home/belhassen/food-delivery/Food-Delivery/backend/models/foodModel.js": {"path":"/home/belhassen/food-delivery/Food-Delivery/backend/models/foodModel.js","statementMap":{"0":{"start":{"line":3,"column":19},"end":{"line":9,"column":2}},"1":{"start":{"line":11,"column":16},"end":{"line":11,"column":73}}},"fnMap":{},"branchMap":{"0":{"loc":{"start":{"line":11,"column":16},"end":{"line":11,"column":73}},"type":"binary-expr","locations":[{"start":{"line":11,"column":16},"end":{"line":11,"column":36}},{"start":{"line":11,"column":40},"end":{"line":11,"column":73}}],"line":11}},"s":{"0":1,"1":1},"f":{},"b":{"0":[1,1]},"_coverageSchema":"1a1c01bbd47fc00a2c39e90264f33305004495a9","hash":"9079764a66d992e617c29e7ce9699b14138e6e61"}
,"/home/belhassen/food-delivery/Food-Delivery/backend/models/orderModel.js": {"path":"/home/belhassen/food-delivery/Food-Delivery/backend/models/orderModel.js","statementMap":{"0":{"start":{"line":3,"column":20},"end":{"line":11,"column":2}},"1":{"start":{"line":14,"column":2},"end":{"line":14,"column":63}}},"fnMap":{},"branchMap":{"0":{"loc":{"start":{"line":14,"column":2},"end":{"line":14,"column":63}},"type":"binary-expr","locations":[{"start":{"line":14,"column":2},"end":{"line":14,"column":23}},{"start":{"line":14,"column":27},"end":{"line":14,"column":63}}],"line":14}},"s":{"0":1,"1":1},"f":{},"b":{"0":[1,1]},"_coverageSchema":"1a1c01bbd47fc00a2c39e90264f33305004495a9","hash":"afd1786bb3c2152bb891d00184a8e9150c8321cb"}
,"/home/belhassen/food-delivery/Food-Delivery/backend/models/userModel.js": {"path":"/home/belhassen/food-delivery/Food-Delivery/backend/models/userModel.js","statementMap":{"0":{"start":{"line":3,"column":19},"end":{"line":12,"column":1}},"1":{"start":{"line":14,"column":18},"end":{"line":14,"column":75}}},"fnMap":{},"branchMap":{"0":{"loc":{"start":{"line":14,"column":18},"end":{"line":14,"column":75}},"type":"binary-expr","locations":[{"start":{"line":14,"column":18},"end":{"line":14,"column":37}},{"start":{"line":14,"column":41},"end":{"line":14,"column":75}}],"line":14}},"s":{"0":1,"1":1},"f":{},"b":{"0":[1,1]},"_coverageSchema":"1a1c01bbd47fc00a2c39e90264f33305004495a9","hash":"d401c900ba21d710b117410585041051deb11712"}
}
