TN:
SF:controllers/cartController.js
FN:4,(anonymous_0)
FN:22,(anonymous_1)
FN:40,(anonymous_2)
FNF:3
FNH:3
FNDA:3,(anonymous_0)
FNDA:3,(anonymous_1)
FNDA:2,(anonymous_2)
DA:4,2
DA:5,3
DA:6,3
DA:7,2
DA:8,2
DA:9,1
DA:11,1
DA:13,2
DA:14,2
DA:16,1
DA:17,1
DA:22,2
DA:23,3
DA:24,3
DA:25,2
DA:26,2
DA:27,1
DA:29,1
DA:31,2
DA:32,2
DA:34,1
DA:35,1
DA:40,2
DA:41,2
DA:42,2
DA:43,1
DA:44,1
DA:46,1
DA:47,1
LF:29
LH:29
BRDA:8,0,0,1
BRDA:8,0,1,1
BRDA:26,1,0,1
BRDA:26,1,1,1
BRF:4
BRH:4
end_of_record
TN:
SF:controllers/foodController.js
FN:7,(anonymous_0)
FN:31,(anonymous_1)
FN:42,(anonymous_2)
FN:47,(anonymous_3)
FNF:4
FNH:4
FNDA:3,(anonymous_0)
FNDA:2,(anonymous_1)
FNDA:3,(anonymous_2)
FNDA:1,(anonymous_3)
DA:7,2
DA:8,3
DA:9,3
DA:16,3
DA:17,3
DA:18,2
DA:19,1
DA:20,1
DA:22,1
DA:25,1
DA:26,1
DA:31,2
DA:32,2
DA:33,2
DA:34,1
DA:36,1
DA:37,1
DA:42,2
DA:43,3
DA:44,3
DA:45,2
DA:46,1
DA:47,1
DA:48,1
DA:49,1
DA:51,1
DA:54,1
DA:55,1
LF:28
LH:28
BRDA:18,0,0,1
BRDA:18,0,1,1
BRDA:18,1,0,2
BRDA:18,1,1,2
BRDA:45,2,0,1
BRDA:45,2,1,1
BRDA:45,3,0,2
BRDA:45,3,1,2
BRF:8
BRH:8
end_of_record
TN:
SF:controllers/orderController.js
FN:8,(anonymous_0)
FN:20,(anonymous_1)
FN:56,(anonymous_2)
FN:73,(anonymous_3)
FN:84,(anonymous_4)
FN:100,(anonymous_5)
FNF:6
FNH:6
FNDA:2,(anonymous_0)
FNDA:1,(anonymous_1)
FNDA:3,(anonymous_2)
FNDA:2,(anonymous_3)
FNDA:3,(anonymous_4)
FNDA:3,(anonymous_5)
DA:5,2
DA:8,2
DA:9,2
DA:10,2
DA:11,2
DA:17,1
DA:18,1
DA:20,1
DA:31,1
DA:42,1
DA:49,1
DA:51,2
DA:52,2
DA:56,2
DA:57,3
DA:58,3
DA:59,3
DA:60,2
DA:61,1
DA:63,1
DA:64,1
DA:67,1
DA:68,1
DA:73,2
DA:74,2
DA:75,2
DA:76,1
DA:78,1
DA:79,1
DA:84,2
DA:85,3
DA:86,3
DA:87,2
DA:88,1
DA:89,1
DA:91,1
DA:94,1
DA:95,1
DA:100,2
DA:101,3
DA:102,3
DA:103,2
DA:104,1
DA:107,1
DA:109,1
DA:112,1
DA:113,1
LF:47
LH:47
BRDA:59,0,0,2
BRDA:59,0,1,1
BRDA:87,1,0,1
BRDA:87,1,1,1
BRDA:87,2,0,2
BRDA:87,2,1,2
BRDA:103,3,0,1
BRDA:103,3,1,1
BRDA:103,4,0,2
BRDA:103,4,1,2
BRF:10
BRH:10
end_of_record
TN:
SF:controllers/userController.js
FN:8,(anonymous_0)
FN:30,(anonymous_1)
FN:36,(anonymous_2)
FNF:3
FNH:3
FNDA:4,(anonymous_0)
FNDA:2,(anonymous_1)
FNDA:5,(anonymous_2)
DA:8,2
DA:9,4
DA:10,4
DA:11,4
DA:12,3
DA:13,1
DA:15,2
DA:16,2
DA:17,1
DA:19,1
DA:20,1
DA:21,1
DA:23,1
DA:24,1
DA:30,2
DA:31,2
DA:36,2
DA:37,5
DA:38,5
DA:40,5
DA:41,4
DA:42,1
DA:46,3
DA:47,1
DA:49,2
DA:50,1
DA:58,1
DA:59,1
DA:61,1
DA:67,1
DA:68,1
DA:69,1
DA:70,1
DA:72,1
DA:73,1
LF:35
LH:35
BRDA:12,0,0,1
BRDA:12,0,1,2
BRDA:16,1,0,1
BRDA:16,1,1,1
BRDA:41,2,0,1
BRDA:41,2,1,3
BRDA:46,3,0,1
BRDA:46,3,1,2
BRDA:49,4,0,1
BRDA:49,4,1,1
BRF:10
BRH:10
end_of_record
TN:
SF:middleware/auth.js
FN:3,(anonymous_0)
FNF:1
FNH:1
FNDA:3,(anonymous_0)
DA:3,2
DA:4,3
DA:5,3
DA:6,1
DA:8,2
DA:9,2
DA:10,1
DA:11,1
DA:13,1
DA:14,1
LF:10
LH:10
BRDA:5,0,0,1
BRDA:5,0,1,2
BRF:2
BRH:2
end_of_record
TN:
SF:models/foodModel.js
FNF:0
FNH:0
DA:3,1
DA:11,1
LF:2
LH:2
BRDA:11,0,0,1
BRDA:11,0,1,1
BRF:2
BRH:2
end_of_record
TN:
SF:models/orderModel.js
FNF:0
FNH:0
DA:3,1
DA:14,1
LF:2
LH:2
BRDA:14,0,0,1
BRDA:14,0,1,1
BRF:2
BRH:2
end_of_record
TN:
SF:models/userModel.js
FNF:0
FNH:0
DA:3,1
DA:14,1
LF:2
LH:2
BRDA:14,0,0,1
BRDA:14,0,1,1
BRF:2
BRH:2
end_of_record
